[0.161s] Invoking command in '/home/jiaxin/test2/build/cpp01_topic': CMAKE_PREFIX_PATH=/home/jiaxin/test2/install/base_interfaces_demo:/home/jiaxin/test2/install/cpp01_topic:/opt/ros/humble /usr/bin/cmake --build /home/jiaxin/test2/build/cpp01_topic -- -j4 -l4
[0.225s] [35m[1mConsolidate compiler generated dependencies of target demo01_talker[0m
[0.253s] [ 33%] Built target demo02_transfer
[0.254s] [ 66%] Built target demo03_listener
[0.258s] [ 83%] [32mBuilding CXX object CMakeFiles/demo01_talker.dir/src/demo01_talker.cpp.o[0m
[4.261s] [01m[K/home/jiaxin/test2/src/cpp01_topic/src/demo01_talker.cpp:[m[K In member function â€˜[01m[Kvoid TalkerIn::on_timer()[m[Kâ€™:
[4.261s] [01m[K/home/jiaxin/test2/src/cpp01_topic/src/demo01_talker.cpp:42:27:[m[K [01;31m[Kerror: [m[Kno matching function for call to â€˜[01m[KTalkerIn::set_parameters(<brace-enclosed initializer list>, <brace-enclosed initializer list>)[m[Kâ€™
[4.261s]    42 |       [01;31m[Kthis->set_parameters({"Fahrer_bremst", "Fahrzeugzustand"},{input.driver_override_speed, input.fahrzeug_zustand})[m[K;
[4.262s]       |       [01;31m[K~~~~~~~~~~~~~~~~~~~~^~~~~~~~~~~~~~~~~~~~~~~~~~~~~~~~~~~~~~~~~~~~~~~~~~~~~~~~~~~~~~~~~~~~~~~~~~~~~~~~~~~~~~~~~~~~[m[K
[4.262s] In file included from [01m[K/opt/ros/humble/include/rclcpp/rclcpp/executors/single_threaded_executor.hpp:28[m[K,
[4.262s]                  from [01m[K/opt/ros/humble/include/rclcpp/rclcpp/executors.hpp:22[m[K,
[4.263s]                  from [01m[K/opt/ros/humble/include/rclcpp/rclcpp/rclcpp.hpp:155[m[K,
[4.263s]                  from [01m[K/home/jiaxin/test2/src/cpp01_topic/src/demo01_talker.cpp:6[m[K:
[4.263s] [01m[K/opt/ros/humble/include/rclcpp/rclcpp/node.hpp:593:3:[m[K [01;36m[Knote: [m[Kcandidate: â€˜[01m[Kstd::vector<rcl_interfaces::msg::SetParametersResult_<std::allocator<void> > > rclcpp::Node::set_parameters(const std::vector<rclcpp::Parameter>&)[m[Kâ€™
[4.263s]   593 |   [01;36m[Kset_parameters[m[K(const std::vector<rclcpp::Parameter> & parameters);
[4.263s]       |   [01;36m[K^~~~~~~~~~~~~~[m[K
[4.263s] [01m[K/opt/ros/humble/include/rclcpp/rclcpp/node.hpp:593:3:[m[K [01;36m[Knote: [m[K  candidate expects 1 argument, 2 provided
[5.721s] gmake[2]: *** [CMakeFiles/demo01_talker.dir/build.make:76: CMakeFiles/demo01_talker.dir/src/demo01_talker.cpp.o] Error 1
[5.722s] gmake[1]: *** [CMakeFiles/Makefile2:141: CMakeFiles/demo01_talker.dir/all] Error 2
[5.723s] gmake: *** [Makefile:146: all] Error 2
[5.727s] Invoked command in '/home/jiaxin/test2/build/cpp01_topic' returned '2': CMAKE_PREFIX_PATH=/home/jiaxin/test2/install/base_interfaces_demo:/home/jiaxin/test2/install/cpp01_topic:/opt/ros/humble /usr/bin/cmake --build /home/jiaxin/test2/build/cpp01_topic -- -j4 -l4
