[01m[K/home/jiaxin/test2/src/cpp01_topic/src/demo02_transfer.cpp:[m[K In member function â€˜[01m[Kvoid Transfer::declare_param()[m[Kâ€™:
[01m[K/home/jiaxin/test2/src/cpp01_topic/src/demo02_transfer.cpp:25:7:[m[K [01;31m[Kerror: [m[Kâ€˜[01m[Kdescriptor[m[Kâ€™ was not declared in this scope; did you mean â€˜[01m[Kacc_descriptor[m[Kâ€™?
   25 |       [01;31m[Kdescriptor[m[K.floating_point_range.resize(1);
      |       [01;31m[K^~~~~~~~~~[m[K
      |       [32m[Kacc_descriptor[m[K
gmake[2]: *** [CMakeFiles/demo02_transfer.dir/build.make:76: CMakeFiles/demo02_transfer.dir/src/demo02_transfer.cpp.o] Error 1
gmake[1]: *** [CMakeFiles/Makefile2:167: CMakeFiles/demo02_transfer.dir/all] Error 2
gmake: *** [Makefile:146: all] Error 2
