[0.162s] Invoking command in '/home/jiaxin/test2/build/cpp01_topic': CMAKE_PREFIX_PATH=/home/jiaxin/test2/install/base_interfaces_demo:/home/jiaxin/test2/install/cpp01_topic:/opt/ros/humble /usr/bin/cmake --build /home/jiaxin/test2/build/cpp01_topic -- -j4 -l4
[0.265s] [ 30%] [32mBuilding CXX object CMakeFiles/demo02_transfer.dir/src/demo02_transfer.cpp.o[0m
[0.266s] [ 30%] Built target demo01_talker
[0.271s] [ 50%] Built target demo04_test_pub
[0.271s] [ 70%] Built target demo03_listener
[0.316s] [ 90%] Built target demo05_test_sub
[19.389s] gmake[2]: *** wait: No child processes.  Stop.
[19.389s] gmake[2]: *** Waiting for unfinished jobs....
[19.389s] gmake[2]: *** wait: No child processes.  Stop.
[19.399s] gmake[1]: *** [CMakeFiles/Makefile2:171: CMakeFiles/demo02_transfer.dir/all] Error 2
[19.399s] gmake: *** [Makefile:146: all] Interrupt
[19.536s] Invoked command in '/home/jiaxin/test2/build/cpp01_topic' returned '-2': CMAKE_PREFIX_PATH=/home/jiaxin/test2/install/base_interfaces_demo:/home/jiaxin/test2/install/cpp01_topic:/opt/ros/humble /usr/bin/cmake --build /home/jiaxin/test2/build/cpp01_topic -- -j4 -l4
