[35m[1mConsolidate compiler generated dependencies of target demo02_transfer[0m
[ 33%] Built target demo01_talker
[ 66%] Built target demo03_listener
[ 83%] [32mBuilding CXX object CMakeFiles/demo02_transfer.dir/src/demo02_transfer.cpp.o[0m
[01m[K/home/jiaxin/test2/src/cpp01_topic/src/demo02_transfer.cpp:[m[K In member function â€˜[01m[Kvoid Transfer::declare_param()[m[Kâ€™:
[01m[K/home/jiaxin/test2/src/cpp01_topic/src/demo02_transfer.cpp:25:39:[m[K [01;31m[Kerror: [m[Kâ€˜[01m[Kusing _floating_point_range_type = class rosidl_runtime_cpp::BoundedVector<rcl_interfaces::msg::FloatingPointRange_<std::allocator<void> >, 1, std::allocator<rcl_interfaces::msg::FloatingPointRange_<std::allocator<void> > > >[m[Kâ€™ {aka â€˜[01m[Kclass rosidl_runtime_cpp::BoundedVector<rcl_interfaces::msg::FloatingPointRange_<std::allocator<void> >, 1, std::allocator<rcl_interfaces::msg::FloatingPointRange_<std::allocator<void> > > >[m[Kâ€™} has no member named â€˜[01m[Kto_value[m[Kâ€™
   25 |       descriptor.floating_point_range.[01;31m[Kto_value[m[K = 1000.1;
      |                                       [01;31m[K^~~~~~~~[m[K
gmake[2]: *** [CMakeFiles/demo02_transfer.dir/build.make:76: CMakeFiles/demo02_transfer.dir/src/demo02_transfer.cpp.o] Error 1
gmake[1]: *** [CMakeFiles/Makefile2:167: CMakeFiles/demo02_transfer.dir/all] Error 2
gmake: *** [Makefile:146: all] Error 2
