-- Found ament_cmake: 1.3.2 (/opt/ros/humble/share/ament_cmake/cmake)
-- Found rclcpp: 16.0.1 (/opt/ros/humble/share/rclcpp/cmake)
-- Found rosidl_generator_c: 3.1.3 (/opt/ros/humble/share/rosidl_generator_c/cmake)
-- Found rosidl_adapter: 3.1.3 (/opt/ros/humble/share/rosidl_adapter/cmake)
-- Found rosidl_generator_cpp: 3.1.3 (/opt/ros/humble/share/rosidl_generator_cpp/cmake)
-- Using all available rosidl_typesupport_c: rosidl_typesupport_fastrtps_c;rosidl_typesupport_introspection_c
-- Using all available rosidl_typesupport_cpp: rosidl_typesupport_fastrtps_cpp;rosidl_typesupport_introspection_cpp
-- Found rmw_implementation_cmake: 6.1.0 (/opt/ros/humble/share/rmw_implementation_cmake/cmake)
-- Found rmw_fastrtps_cpp: 6.2.1 (/opt/ros/humble/share/rmw_fastrtps_cpp/cmake)
-- Using RMW implementation 'rmw_fastrtps_cpp' as default
-- Found base_interfaces_demo: 0.0.0 (/home/jiaxin/test2/install/base_interfaces_demo/share/base_interfaces_demo/cmake)
-- Found ament_lint_auto: 0.12.4 (/opt/ros/humble/share/ament_lint_auto/cmake)
-- Added test 'cppcheck' to perform static code analysis on C / C++ code
-- Configured cppcheck include dirs: 
-- Configured cppcheck exclude dirs and/or files: 
-- Added test 'lint_cmake' to check CMake code style
-- Added test 'uncrustify' to check C / C++ code style
-- Configured uncrustify additional arguments: 
-- Added test 'xmllint' to check XML markup files
-- Configuring done
-- Generating done
-- Build files have been written to: /home/jiaxin/test2/build/cpp01_topic
[35m[1mConsolidate compiler generated dependencies of target demo02_transfer[0m
[35m[1mConsolidate compiler generated dependencies of target demo01_talker[0m
[35m[1mConsolidate compiler generated dependencies of target demo03_listener[0m
[ 10%] [32mBuilding CXX object CMakeFiles/demo04_test_pub.dir/src/demo04_test_pub.cpp.o[0m
[ 20%] [32mBuilding CXX object CMakeFiles/demo01_talker.dir/src/demo01_talker.cpp.o[0m
[ 40%] Built target demo03_listener
[ 50%] [32mBuilding CXX object CMakeFiles/demo02_transfer.dir/src/demo02_transfer.cpp.o[0m
[ 60%] [32m[1mLinking CXX executable demo04_test_pub[0m
[ 70%] [32mBuilding CXX object CMakeFiles/demo05_test_sub.dir/src/demo05_test_sub.cpp.o[0m
[ 80%] [32m[1mLinking CXX executable demo05_test_sub[0m
/usr/bin/ld: /usr/lib/gcc/x86_64-linux-gnu/11/../../../x86_64-linux-gnu/Scrt1.o: in function `_start':
(.text+0x1b): undefined reference to `main'
collect2: error: ld returned 1 exit status
gmake[2]: *** [CMakeFiles/demo04_test_pub.dir/build.make:167: demo04_test_pub] Error 1
gmake[1]: *** [CMakeFiles/Makefile2:223: CMakeFiles/demo04_test_pub.dir/all] Error 2
gmake[1]: *** Waiting for unfinished jobs....
/usr/bin/ld: /usr/lib/gcc/x86_64-linux-gnu/11/../../../x86_64-linux-gnu/Scrt1.o: in function `_start':
(.text+0x1b): undefined reference to `main'
collect2: error: ld returned 1 exit status
gmake[2]: *** [CMakeFiles/demo05_test_sub.dir/build.make:167: demo05_test_sub] Error 1
gmake[1]: *** [CMakeFiles/Makefile2:249: CMakeFiles/demo05_test_sub.dir/all] Error 2
[ 90%] [32m[1mLinking CXX executable demo01_talker[0m
[ 90%] Built target demo01_talker
[100%] [32m[1mLinking CXX executable demo02_transfer[0m
[100%] Built target demo02_transfer
gmake: *** [Makefile:146: all] Error 2
