[0.190s] Invoking command in '/home/jiaxin/test2/build/cpp01_topic': CMAKE_PREFIX_PATH=/home/jiaxin/test2/install/base_interfaces_demo:/home/jiaxin/test2/install/cpp01_topic:/opt/ros/humble /usr/bin/cmake --build /home/jiaxin/test2/build/cpp01_topic -- -j4 -l4
[0.244s] [35m[1mConsolidate compiler generated dependencies of target demo01_talker[0m
[0.262s] [ 33%] Built target demo02_transfer
[0.265s] [ 66%] Built target demo03_listener
[0.273s] [ 83%] [32mBuilding CXX object CMakeFiles/demo01_talker.dir/src/demo01_talker.cpp.o[0m
[4.169s] [01m[K/home/jiaxin/test2/src/cpp01_topic/src/demo01_talker.cpp:[m[K In constructor â€˜[01m[KTalkerIn::TalkerIn()[m[Kâ€™:
[4.172s] [01m[K/home/jiaxin/test2/src/cpp01_topic/src/demo01_talker.cpp:20:62:[m[K [01;31m[Kerror: [m[Kno matching function for call to â€˜[01m[KTalkerIn::create_publisher<base_interfaces_demo::msg::OutputIPARAAPIFnct>(const char [10])[m[Kâ€™
[4.172s]    20 |       publisher_ = [01;31m[Kthis->create_publisher<OutputIPARAAPIFnct>("pub_input")[m[K;
[4.173s]       |                    [01;31m[K~~~~~~~~~~~~~~~~~~~~~~~~~~~~~~~~~~~~~~~~~~^~~~~~~~~~~~~[m[K
[4.173s] In file included from [01m[K/opt/ros/humble/include/rclcpp/rclcpp/executors/single_threaded_executor.hpp:28[m[K,
[4.174s]                  from [01m[K/opt/ros/humble/include/rclcpp/rclcpp/executors.hpp:22[m[K,
[4.175s]                  from [01m[K/opt/ros/humble/include/rclcpp/rclcpp/rclcpp.hpp:155[m[K,
[4.175s]                  from [01m[K/home/jiaxin/test2/src/cpp01_topic/src/demo01_talker.cpp:6[m[K:
[4.176s] [01m[K/opt/ros/humble/include/rclcpp/rclcpp/node.hpp:195:3:[m[K [01;36m[Knote: [m[Kcandidate: â€˜[01m[Ktemplate<class MessageT, class AllocatorT, class PublisherT> std::shared_ptr<PublisherT> rclcpp::Node::create_publisher(const string&, const rclcpp::QoS&, const rclcpp::PublisherOptionsWithAllocator<AllocatorT>&)[m[Kâ€™
[4.176s]   195 |   [01;36m[Kcreate_publisher[m[K(
[4.177s]       |   [01;36m[K^~~~~~~~~~~~~~~~[m[K
[4.178s] [01m[K/opt/ros/humble/include/rclcpp/rclcpp/node.hpp:195:3:[m[K [01;36m[Knote: [m[K  template argument deduction/substitution failed:
[4.179s] [01m[K/home/jiaxin/test2/src/cpp01_topic/src/demo01_talker.cpp:20:62:[m[K [01;36m[Knote: [m[K  candidate expects 3 arguments, 1 provided
[4.179s]    20 |       publisher_ = [01;36m[Kthis->create_publisher<OutputIPARAAPIFnct>("pub_input")[m[K;
[4.180s]       |                    [01;36m[K~~~~~~~~~~~~~~~~~~~~~~~~~~~~~~~~~~~~~~~~~~^~~~~~~~~~~~~[m[K
[5.265s] gmake[2]: *** [CMakeFiles/demo01_talker.dir/build.make:76: CMakeFiles/demo01_talker.dir/src/demo01_talker.cpp.o] Error 1
[5.265s] gmake[1]: *** [CMakeFiles/Makefile2:141: CMakeFiles/demo01_talker.dir/all] Error 2
[5.265s] gmake: *** [Makefile:146: all] Error 2
[5.268s] Invoked command in '/home/jiaxin/test2/build/cpp01_topic' returned '2': CMAKE_PREFIX_PATH=/home/jiaxin/test2/install/base_interfaces_demo:/home/jiaxin/test2/install/cpp01_topic:/opt/ros/humble /usr/bin/cmake --build /home/jiaxin/test2/build/cpp01_topic -- -j4 -l4
