[0.188s] Invoking command in '/home/jiaxin/test2/build/cpp01_topic': CMAKE_PREFIX_PATH=/home/jiaxin/test2/install/base_interfaces_demo:/home/jiaxin/test2/install/cpp01_topic:/opt/ros/humble /usr/bin/cmake --build /home/jiaxin/test2/build/cpp01_topic -- -j4 -l4
[0.266s] [ 33%] Built target demo02_transfer
[0.268s] [ 50%] [32mBuilding CXX object CMakeFiles/demo01_talker.dir/src/demo01_talker.cpp.o[0m
[0.270s] [ 83%] Built target demo03_listener
[4.236s] [01m[K/home/jiaxin/test2/src/cpp01_topic/src/demo01_talker.cpp:[m[K In member function â€˜[01m[Kvoid TalkerIn::on_timer()[m[Kâ€™:
[4.236s] [01m[K/home/jiaxin/test2/src/cpp01_topic/src/demo01_talker.cpp:36:7:[m[K [01;31m[Kerror: [m[Kâ€˜[01m[Kinput[m[Kâ€™ was not declared in this scope; did you mean â€˜[01m[Kint[m[Kâ€™?
[4.237s]    36 |       [01;31m[Kinput[m[K.driver_override_speed = count_++;
[4.237s]       |       [01;31m[K^~~~~[m[K
[4.237s]       |       [32m[Kint[m[K
[5.604s] gmake[2]: *** [CMakeFiles/demo01_talker.dir/build.make:76: CMakeFiles/demo01_talker.dir/src/demo01_talker.cpp.o] Error 1
[5.604s] gmake[1]: *** [CMakeFiles/Makefile2:141: CMakeFiles/demo01_talker.dir/all] Error 2
[5.604s] gmake: *** [Makefile:146: all] Error 2
[5.607s] Invoked command in '/home/jiaxin/test2/build/cpp01_topic' returned '2': CMAKE_PREFIX_PATH=/home/jiaxin/test2/install/base_interfaces_demo:/home/jiaxin/test2/install/cpp01_topic:/opt/ros/humble /usr/bin/cmake --build /home/jiaxin/test2/build/cpp01_topic -- -j4 -l4
