[0.185s] Invoking command in '/home/jiaxin/test2/build/cpp01_topic': CMAKE_PREFIX_PATH=/home/jiaxin/test2/install/base_interfaces_demo:/home/jiaxin/test2/install/cpp01_topic:/opt/ros/humble /usr/bin/cmake --build /home/jiaxin/test2/build/cpp01_topic -- -j4 -l4
[0.260s] [35m[1mConsolidate compiler generated dependencies of target demo01_talker[0m
[0.284s] [ 33%] Built target demo02_transfer
[0.288s] [ 66%] Built target demo03_listener
[0.290s] [ 83%] [32mBuilding CXX object CMakeFiles/demo01_talker.dir/src/demo01_talker.cpp.o[0m
[5.356s] [01m[K/home/jiaxin/test2/src/cpp01_topic/src/demo01_talker.cpp:[m[K In constructor â€˜[01m[KTalkerIn::TalkerIn()[m[Kâ€™:
[5.357s] [01m[K/home/jiaxin/test2/src/cpp01_topic/src/demo01_talker.cpp:24:27:[m[K [01;31m[Kerror: [m[Ka function-definition is not allowed here before â€˜[01m[K{[m[Kâ€™ token
[5.357s]    24 |       void declare_param()[01;31m[K{[m[K
[5.357s]       |                           [01;31m[K^[m[K
[5.363s] In file included from [01m[K/opt/ros/humble/include/rclcpp/rclcpp/logging.hpp:24[m[K,
[5.363s]                  from [01m[K/opt/ros/humble/include/rclcpp/rclcpp/client.hpp:40[m[K,
[5.364s]                  from [01m[K/opt/ros/humble/include/rclcpp/rclcpp/callback_group.hpp:23[m[K,
[5.364s]                  from [01m[K/opt/ros/humble/include/rclcpp/rclcpp/any_executable.hpp:20[m[K,
[5.364s]                  from [01m[K/opt/ros/humble/include/rclcpp/rclcpp/memory_strategy.hpp:25[m[K,
[5.365s]                  from [01m[K/opt/ros/humble/include/rclcpp/rclcpp/memory_strategies.hpp:18[m[K,
[5.365s]                  from [01m[K/opt/ros/humble/include/rclcpp/rclcpp/executor_options.hpp:20[m[K,
[5.366s]                  from [01m[K/opt/ros/humble/include/rclcpp/rclcpp/executor.hpp:37[m[K,
[5.366s]                  from [01m[K/opt/ros/humble/include/rclcpp/rclcpp/executors/multi_threaded_executor.hpp:25[m[K,
[5.366s]                  from [01m[K/opt/ros/humble/include/rclcpp/rclcpp/executors.hpp:21[m[K,
[5.367s]                  from [01m[K/opt/ros/humble/include/rclcpp/rclcpp/rclcpp.hpp:155[m[K,
[5.367s]                  from [01m[K/home/jiaxin/test2/src/cpp01_topic/src/demo01_talker.cpp:6[m[K:
[5.367s] [01m[K/home/jiaxin/test2/src/cpp01_topic/src/demo01_talker.cpp:[m[K In member function â€˜[01m[Kvoid TalkerIn::on_timer()[m[Kâ€™:
[5.368s] [01m[K/home/jiaxin/test2/src/cpp01_topic/src/demo01_talker.cpp:41:39:[m[K [01;35m[Kwarning: [m[Kformat â€˜[01m[K%f[m[Kâ€™ expects argument of type â€˜[01m[Kdouble[m[Kâ€™, but argument 6 has type â€˜[01m[Kint[m[Kâ€™ [[01;35m[K]8;;https://gcc.gnu.org/onlinedocs/gcc/Warning-Options.html#index-Wformat=-Wformat=]8;;[m[K]
[5.368s]    41 |       RCLCPP_INFO(this->get_logger(), [01;35m[K"Iuput:driver_override_speed=%d,fahrzeug_zustand=%.2f,heartbeat_out=%.2f"[m[K, input.driver_override_speed,[32m[Kinput.fahrzeug_zustand[m[K,input.heartbeat_out);
[5.368s]       |                                       [01;35m[K^~~~~~~~~~~~~~~~~~~~~~~~~~~~~~~~~~~~~~~~~~~~~~~~~~~~~~~~~~~~~~~~~~~~~~~~~[m[K                              [32m[K~~~~~~~~~~~~~~~~~~~~~~[m[K
[5.368s]       |                                                                                                                                                    [32m[K|[m[K
[5.369s]       |                                                                                                                                                    [32m[Kint[m[K
[5.369s] [01m[K/home/jiaxin/test2/src/cpp01_topic/src/demo01_talker.cpp:41:91:[m[K [01;36m[Knote: [m[Kformat string is defined here
[5.369s]    41 |       RCLCPP_INFO(this->get_logger(), "Iuput:driver_override_speed=%d,fahrzeug_zustand=[01;36m[K%.2f[m[K,heartbeat_out=%.2f", input.driver_override_speed,input.fahrzeug_zustand,input.heartbeat_out);
[5.370s]       |                                                                                        [01;36m[K~~~^[m[K
[5.370s]       |                                                                                           [01;36m[K|[m[K
[5.370s]       |                                                                                           [01;36m[Kdouble[m[K
[5.371s]       |                                                                                        [32m[K%.2d[m[K
[5.371s] In file included from [01m[K/opt/ros/humble/include/rclcpp/rclcpp/logging.hpp:24[m[K,
[5.372s]                  from [01m[K/opt/ros/humble/include/rclcpp/rclcpp/client.hpp:40[m[K,
[5.372s]                  from [01m[K/opt/ros/humble/include/rclcpp/rclcpp/callback_group.hpp:23[m[K,
[5.373s]                  from [01m[K/opt/ros/humble/include/rclcpp/rclcpp/any_executable.hpp:20[m[K,
[5.373s]                  from [01m[K/opt/ros/humble/include/rclcpp/rclcpp/memory_strategy.hpp:25[m[K,
[5.374s]                  from [01m[K/opt/ros/humble/include/rclcpp/rclcpp/memory_strategies.hpp:18[m[K,
[5.374s]                  from [01m[K/opt/ros/humble/include/rclcpp/rclcpp/executor_options.hpp:20[m[K,
[5.375s]                  from [01m[K/opt/ros/humble/include/rclcpp/rclcpp/executor.hpp:37[m[K,
[5.375s]                  from [01m[K/opt/ros/humble/include/rclcpp/rclcpp/executors/multi_threaded_executor.hpp:25[m[K,
[5.375s]                  from [01m[K/opt/ros/humble/include/rclcpp/rclcpp/executors.hpp:21[m[K,
[5.376s]                  from [01m[K/opt/ros/humble/include/rclcpp/rclcpp/rclcpp.hpp:155[m[K,
[5.376s]                  from [01m[K/home/jiaxin/test2/src/cpp01_topic/src/demo01_talker.cpp:6[m[K:
[5.376s] [01m[K/home/jiaxin/test2/src/cpp01_topic/src/demo01_talker.cpp:41:39:[m[K [01;35m[Kwarning: [m[Kformat â€˜[01m[K%f[m[Kâ€™ expects argument of type â€˜[01m[Kdouble[m[Kâ€™, but argument 7 has type â€˜[01m[Kint[m[Kâ€™ [[01;35m[K]8;;https://gcc.gnu.org/onlinedocs/gcc/Warning-Options.html#index-Wformat=-Wformat=]8;;[m[K]
[5.376s]    41 |       RCLCPP_INFO(this->get_logger(), [01;35m[K"Iuput:driver_override_speed=%d,fahrzeug_zustand=%.2f,heartbeat_out=%.2f"[m[K, input.driver_override_speed,input.fahrzeug_zustand,[32m[Kinput.heartbeat_out[m[K);
[5.377s]       |                                       [01;35m[K^~~~~~~~~~~~~~~~~~~~~~~~~~~~~~~~~~~~~~~~~~~~~~~~~~~~~~~~~~~~~~~~~~~~~~~~~[m[K                                                     [32m[K~~~~~~~~~~~~~~~~~~~[m[K
[5.377s]       |                                                                                                                                                                           [32m[K|[m[K
[5.377s]       |                                                                                                                                                                           [32m[Kint[m[K
[5.378s] [01m[K/home/jiaxin/test2/src/cpp01_topic/src/demo01_talker.cpp:41:110:[m[K [01;36m[Knote: [m[Kformat string is defined here
[5.378s]    41 | NFO(this->get_logger(), "Iuput:driver_override_speed=%d,fahrzeug_zustand=%.2f,heartbeat_out=[01;36m[K%.2f[m[K", input.driver_override_speed,input.fahrzeug_zustand,input.heartbeat_out);
[5.378s]       |                                                                                             [01;36m[K~~~^[m[K
[5.379s]       |                                                                                                [01;36m[K|[m[K
[5.379s]       |                                                                                                [01;36m[Kdouble[m[K
[5.379s]       |                                                                                             [32m[K%.2d[m[K
[7.006s] gmake[2]: *** [CMakeFiles/demo01_talker.dir/build.make:76: CMakeFiles/demo01_talker.dir/src/demo01_talker.cpp.o] Error 1
[7.007s] gmake[1]: *** [CMakeFiles/Makefile2:141: CMakeFiles/demo01_talker.dir/all] Error 2
[7.007s] gmake: *** [Makefile:146: all] Error 2
[7.010s] Invoked command in '/home/jiaxin/test2/build/cpp01_topic' returned '2': CMAKE_PREFIX_PATH=/home/jiaxin/test2/install/base_interfaces_demo:/home/jiaxin/test2/install/cpp01_topic:/opt/ros/humble /usr/bin/cmake --build /home/jiaxin/test2/build/cpp01_topic -- -j4 -l4
