[35m[1mConsolidate compiler generated dependencies of target demo01_talker[0m
[ 33%] Built target demo02_transfer
[ 66%] [32mBuilding CXX object CMakeFiles/demo01_talker.dir/src/demo01_talker.cpp.o[0m
[ 83%] Built target demo03_listener
[01m[K/home/jiaxin/test2/src/cpp01_topic/src/demo01_talker.cpp:[m[K In constructor â€˜[01m[KTalkerIn::TalkerIn()[m[Kâ€™:
[01m[K/home/jiaxin/test2/src/cpp01_topic/src/demo01_talker.cpp:24:27:[m[K [01;31m[Kerror: [m[Ka function-definition is not allowed here before â€˜[01m[K{[m[Kâ€™ token
   24 |       void declare_param()[01;31m[K{[m[K
      |                           [01;31m[K^[m[K
[01m[K/home/jiaxin/test2/src/cpp01_topic/src/demo01_talker.cpp:[m[K In function â€˜[01m[Kint main(int, char**)[m[Kâ€™:
[01m[K/home/jiaxin/test2/src/cpp01_topic/src/demo01_talker.cpp:61:9:[m[K [01;31m[Kerror: [m[Kâ€˜[01m[Kusing element_type = class TalkerIn[m[Kâ€™ {aka â€˜[01m[Kclass TalkerIn[m[Kâ€™} has no member named â€˜[01m[Kdeclare_param[m[Kâ€™; did you mean â€˜[01m[Kdeclare_parameter[m[Kâ€™?
   61 |   node->[01;31m[Kdeclare_param[m[K();
      |         [01;31m[K^~~~~~~~~~~~~[m[K
      |         [32m[Kdeclare_parameter[m[K
gmake[2]: *** [CMakeFiles/demo01_talker.dir/build.make:76: CMakeFiles/demo01_talker.dir/src/demo01_talker.cpp.o] Error 1
gmake[1]: *** [CMakeFiles/Makefile2:141: CMakeFiles/demo01_talker.dir/all] Error 2
gmake: *** [Makefile:146: all] Error 2
