[0.162s] Invoking command in '/home/jiaxin/test2/build/cpp01_topic': CMAKE_PREFIX_PATH=/home/jiaxin/test2/install/base_interfaces_demo:/home/jiaxin/test2/install/cpp01_topic:/opt/ros/humble /usr/bin/cmake --build /home/jiaxin/test2/build/cpp01_topic -- -j4 -l4
[0.214s] [35m[1mConsolidate compiler generated dependencies of target demo01_talker[0m
[0.235s] [ 33%] Built target demo02_transfer
[0.244s] [ 66%] [32mBuilding CXX object CMakeFiles/demo01_talker.dir/src/demo01_talker.cpp.o[0m
[0.245s] [ 83%] Built target demo03_listener
[3.986s] [01m[K/home/jiaxin/test2/src/cpp01_topic/src/demo01_talker.cpp:[m[K In constructor â€˜[01m[KTalkerIn::TalkerIn()[m[Kâ€™:
[3.986s] [01m[K/home/jiaxin/test2/src/cpp01_topic/src/demo01_talker.cpp:24:27:[m[K [01;31m[Kerror: [m[Ka function-definition is not allowed here before â€˜[01m[K{[m[Kâ€™ token
[3.987s]    24 |       void declare_param()[01;31m[K{[m[K
[3.987s]       |                           [01;31m[K^[m[K
[3.993s] [01m[K/home/jiaxin/test2/src/cpp01_topic/src/demo01_talker.cpp:[m[K In function â€˜[01m[Kint main(int, char**)[m[Kâ€™:
[3.993s] [01m[K/home/jiaxin/test2/src/cpp01_topic/src/demo01_talker.cpp:61:9:[m[K [01;31m[Kerror: [m[Kâ€˜[01m[Kusing element_type = class TalkerIn[m[Kâ€™ {aka â€˜[01m[Kclass TalkerIn[m[Kâ€™} has no member named â€˜[01m[Kdeclare_param[m[Kâ€™; did you mean â€˜[01m[Kdeclare_parameter[m[Kâ€™?
[3.993s]    61 |   node->[01;31m[Kdeclare_param[m[K();
[3.994s]       |         [01;31m[K^~~~~~~~~~~~~[m[K
[3.994s]       |         [32m[Kdeclare_parameter[m[K
[5.425s] gmake[2]: *** [CMakeFiles/demo01_talker.dir/build.make:76: CMakeFiles/demo01_talker.dir/src/demo01_talker.cpp.o] Error 1
[5.425s] gmake[1]: *** [CMakeFiles/Makefile2:141: CMakeFiles/demo01_talker.dir/all] Error 2
[5.426s] gmake: *** [Makefile:146: all] Error 2
[5.429s] Invoked command in '/home/jiaxin/test2/build/cpp01_topic' returned '2': CMAKE_PREFIX_PATH=/home/jiaxin/test2/install/base_interfaces_demo:/home/jiaxin/test2/install/cpp01_topic:/opt/ros/humble /usr/bin/cmake --build /home/jiaxin/test2/build/cpp01_topic -- -j4 -l4
