[0.171s] Invoking command in '/home/jiaxin/test2/build/cpp01_topic': CMAKE_PREFIX_PATH=/home/jiaxin/test2/install/base_interfaces_demo:/home/jiaxin/test2/install/cpp01_topic:/opt/ros/humble /usr/bin/cmake --build /home/jiaxin/test2/build/cpp01_topic -- -j4 -l4
[0.229s] [35m[1mConsolidate compiler generated dependencies of target demo03_listener[0m
[0.249s] [ 33%] Built target demo01_talker
[0.250s] [ 66%] Built target demo02_transfer
[0.258s] [ 83%] [32mBuilding CXX object CMakeFiles/demo03_listener.dir/src/demo03_listener.cpp.o[0m
[4.284s] [01m[K/home/jiaxin/test2/src/cpp01_topic/src/demo03_listener.cpp:10:34:[m[K [01;31m[Kerror: [m[Kâ€˜[01m[KInputIPARAAPIFnct[m[Kâ€™ has not been declared in â€˜[01m[Kbase_interfaces_demo::msg[m[Kâ€™
[4.285s]    10 | using base_interfaces_demo::msg::[01;31m[KInputIPARAAPIFnct[m[K;
[4.285s]       |                                  [01;31m[K^~~~~~~~~~~~~~~~~[m[K
[4.292s] [01m[K/home/jiaxin/test2/src/cpp01_topic/src/demo03_listener.cpp:24:22:[m[K [01;31m[Kerror: [m[Kâ€˜[01m[KInputIPARAAPIFnct[m[Kâ€™ does not name a type
[4.292s]    24 |     void do_cb(const [01;31m[KInputIPARAAPIFnct[m[K & output) const
[4.292s]       |                      [01;31m[K^~~~~~~~~~~~~~~~~[m[K
[4.310s] [01m[K/home/jiaxin/test2/src/cpp01_topic/src/demo03_listener.cpp:28:26:[m[K [01;31m[Kerror: [m[Kâ€˜[01m[KInputIPARAAPIFnct[m[Kâ€™ was not declared in this scope
[4.310s]    28 |     rclcpp::Subscription<[01;31m[KInputIPARAAPIFnct[m[K>::SharedPtr subscription_;
[4.311s]       |                          [01;31m[K^~~~~~~~~~~~~~~~~[m[K
[4.311s] [01m[K/home/jiaxin/test2/src/cpp01_topic/src/demo03_listener.cpp:28:43:[m[K [01;31m[Kerror: [m[Ktemplate argument 1 is invalid
[4.312s]    28 |     rclcpp::Subscription<InputIPARAAPIFnct[01;31m[K>[m[K::SharedPtr subscription_;
[4.312s]       |                                           [01;31m[K^[m[K
[4.312s] [01m[K/home/jiaxin/test2/src/cpp01_topic/src/demo03_listener.cpp:28:43:[m[K [01;31m[Kerror: [m[Ktemplate argument 3 is invalid
[4.312s] [01m[K/home/jiaxin/test2/src/cpp01_topic/src/demo03_listener.cpp:28:43:[m[K [01;31m[Kerror: [m[Ktemplate argument 4 is invalid
[4.313s] [01m[K/home/jiaxin/test2/src/cpp01_topic/src/demo03_listener.cpp:28:43:[m[K [01;31m[Kerror: [m[Ktemplate argument 5 is invalid
[4.313s] [01m[K/home/jiaxin/test2/src/cpp01_topic/src/demo03_listener.cpp:28:46:[m[K [01;31m[Kerror: [m[Kexpected â€˜[01m[K;[m[Kâ€™ at end of member declaration
[4.313s]    28 |     rclcpp::Subscription<InputIPARAAPIFnct>::[01;31m[KSharedPtr[m[K subscription_;
[4.313s]       |                                              [01;31m[K^~~~~~~~~[m[K
[4.314s]       |                                                       [32m[K;[m[K
[4.316s] [01m[K/home/jiaxin/test2/src/cpp01_topic/src/demo03_listener.cpp:28:56:[m[K [01;31m[Kerror: [m[Kâ€˜[01m[Ksubscription_[m[Kâ€™ does not name a type; did you mean â€˜[01m[Krmw_subscription_t[m[Kâ€™?
[4.316s]    28 |     rclcpp::Subscription<InputIPARAAPIFnct>::SharedPtr [01;31m[Ksubscription_[m[K;
[4.317s]       |                                                        [01;31m[K^~~~~~~~~~~~~[m[K
[4.317s]       |                                                        [32m[Krmw_subscription_t[m[K
[4.328s] [01m[K/home/jiaxin/test2/src/cpp01_topic/src/demo03_listener.cpp:[m[K In constructor â€˜[01m[KListenerOut::ListenerOut()[m[Kâ€™:
[4.329s] [01m[K/home/jiaxin/test2/src/cpp01_topic/src/demo03_listener.cpp:19:7:[m[K [01;31m[Kerror: [m[Kâ€˜[01m[Ksubscription_[m[Kâ€™ was not declared in this scope; did you mean â€˜[01m[Krmw_subscription_t[m[Kâ€™?
[4.329s]    19 |       [01;31m[Ksubscription_[m[K = this->create_subscription<InputIPARAAPIFnct>("sub_out", 10, std::bind(&ListenerOut::do_cb, this, _1));
[4.330s]       |       [01;31m[K^~~~~~~~~~~~~[m[K
[4.330s]       |       [32m[Krmw_subscription_t[m[K
[4.346s] [01m[K/home/jiaxin/test2/src/cpp01_topic/src/demo03_listener.cpp:19:49:[m[K [01;31m[Kerror: [m[Kâ€˜[01m[KInputIPARAAPIFnct[m[Kâ€™ was not declared in this scope
[4.346s]    19 |       subscription_ = this->create_subscription<[01;31m[KInputIPARAAPIFnct[m[K>("sub_out", 10, std::bind(&ListenerOut::do_cb, this, _1));
[4.347s]       |                                                 [01;31m[K^~~~~~~~~~~~~~~~~[m[K
[4.357s] [01m[K/home/jiaxin/test2/src/cpp01_topic/src/demo03_listener.cpp:19:67:[m[K [01;31m[Kerror: [m[Kno matching function for call to â€˜[01m[KListenerOut::create_subscription<<expression error> >(const char [8], int, std::_Bind_helper<false, void (ListenerOut::*)(const int&) const, ListenerOut*, const std::_Placeholder<1>&>::type)[m[Kâ€™
[4.358s]    19 |       subscription_ = [01;31m[Kthis->create_subscription<InputIPARAAPIFnct>("sub_out", 10, std::bind(&ListenerOut::do_cb, this, _1))[m[K;
[4.358s]       |                       [01;31m[K~~~~~~~~~~~~~~~~~~~~~~~~~~~~~~~~~~~~~~~~~~~~^~~~~~~~~~~~~~~~~~~~~~~~~~~~~~~~~~~~~~~~~~~~~~~~~~~~~~~~~[m[K
[4.358s] In file included from [01m[K/opt/ros/humble/include/rclcpp/rclcpp/executors/single_threaded_executor.hpp:28[m[K,
[4.359s]                  from [01m[K/opt/ros/humble/include/rclcpp/rclcpp/executors.hpp:22[m[K,
[4.359s]                  from [01m[K/opt/ros/humble/include/rclcpp/rclcpp/rclcpp.hpp:155[m[K,
[4.359s]                  from [01m[K/home/jiaxin/test2/src/cpp01_topic/src/demo03_listener.cpp:6[m[K:
[4.359s] [01m[K/opt/ros/humble/include/rclcpp/rclcpp/node.hpp:219:3:[m[K [01;36m[Knote: [m[Kcandidate: â€˜[01m[Ktemplate<class MessageT, class CallbackT, class AllocatorT, class SubscriptionT, class MessageMemoryStrategyT> std::shared_ptr<ROSMessageT> rclcpp::Node::create_subscription(const string&, const rclcpp::QoS&, CallbackT&&, const rclcpp::SubscriptionOptionsWithAllocator<AllocatorT>&, typename MessageMemoryStrategyT::SharedPtr)[m[Kâ€™
[4.359s]   219 |   [01;36m[Kcreate_subscription[m[K(
[4.360s]       |   [01;36m[K^~~~~~~~~~~~~~~~~~~[m[K
[4.360s] [01m[K/opt/ros/humble/include/rclcpp/rclcpp/node.hpp:219:3:[m[K [01;36m[Knote: [m[K  template argument deduction/substitution failed:
[4.360s] [01m[K/home/jiaxin/test2/src/cpp01_topic/src/demo03_listener.cpp:19:67:[m[K [01;31m[Kerror: [m[Ktemplate argument 1 is invalid
[4.360s]    19 |       subscription_ = [01;31m[Kthis->create_subscription<InputIPARAAPIFnct>("sub_out", 10, std::bind(&ListenerOut::do_cb, this, _1))[m[K;
[4.361s]       |                       [01;31m[K~~~~~~~~~~~~~~~~~~~~~~~~~~~~~~~~~~~~~~~~~~~~^~~~~~~~~~~~~~~~~~~~~~~~~~~~~~~~~~~~~~~~~~~~~~~~~~~~~~~~~[m[K
[4.361s] In file included from [01m[K/opt/ros/humble/include/rclcpp/rclcpp/logging.hpp:24[m[K,
[4.361s]                  from [01m[K/opt/ros/humble/include/rclcpp/rclcpp/client.hpp:40[m[K,
[4.362s]                  from [01m[K/opt/ros/humble/include/rclcpp/rclcpp/callback_group.hpp:23[m[K,
[4.363s]                  from [01m[K/opt/ros/humble/include/rclcpp/rclcpp/any_executable.hpp:20[m[K,
[4.363s]                  from [01m[K/opt/ros/humble/include/rclcpp/rclcpp/memory_strategy.hpp:25[m[K,
[4.363s]                  from [01m[K/opt/ros/humble/include/rclcpp/rclcpp/memory_strategies.hpp:18[m[K,
[4.363s]                  from [01m[K/opt/ros/humble/include/rclcpp/rclcpp/executor_options.hpp:20[m[K,
[4.364s]                  from [01m[K/opt/ros/humble/include/rclcpp/rclcpp/executor.hpp:37[m[K,
[4.364s]                  from [01m[K/opt/ros/humble/include/rclcpp/rclcpp/executors/multi_threaded_executor.hpp:25[m[K,
[4.365s]                  from [01m[K/opt/ros/humble/include/rclcpp/rclcpp/executors.hpp:21[m[K,
[4.365s]                  from [01m[K/opt/ros/humble/include/rclcpp/rclcpp/rclcpp.hpp:155[m[K,
[4.365s]                  from [01m[K/home/jiaxin/test2/src/cpp01_topic/src/demo03_listener.cpp:6[m[K:
[4.366s] [01m[K/home/jiaxin/test2/src/cpp01_topic/src/demo03_listener.cpp:[m[K In member function â€˜[01m[Kvoid ListenerOut::do_cb(const int&) const[m[Kâ€™:
[4.366s] [01m[K/home/jiaxin/test2/src/cpp01_topic/src/demo03_listener.cpp:26:111:[m[K [01;31m[Kerror: [m[Krequest for member â€˜[01m[Kchange_gear_position[m[Kâ€™ in â€˜[01m[Koutput[m[Kâ€™, which is of non-class type â€˜[01m[Kconst int[m[Kâ€™
[4.366s]    26 |       RCLCPP_INFO(this->get_logger(), "Output:change_gear_position=%d,accel_des=%d,steering_angle=%d", output.[01;31m[Kchange_gear_position[m[K,output.accel_des,output.steering_angle);
[4.367s]       |                                                                                                               [01;31m[K^~~~~~~~~~~~~~~~~~~~[m[K
[4.367s] [01m[K/home/jiaxin/test2/src/cpp01_topic/src/demo03_listener.cpp:26:139:[m[K [01;31m[Kerror: [m[Krequest for member â€˜[01m[Kaccel_des[m[Kâ€™ in â€˜[01m[Koutput[m[Kâ€™, which is of non-class type â€˜[01m[Kconst int[m[Kâ€™
[4.367s]    26 |       RCLCPP_INFO(this->get_logger(), "Output:change_gear_position=%d,accel_des=%d,steering_angle=%d", output.change_gear_position,output.[01;31m[Kaccel_des[m[K,output.steering_angle);
[4.367s]       |                                                                                                                                           [01;31m[K^~~~~~~~~[m[K
[4.368s] [01m[K/home/jiaxin/test2/src/cpp01_topic/src/demo03_listener.cpp:26:156:[m[K [01;31m[Kerror: [m[Krequest for member â€˜[01m[Ksteering_angle[m[Kâ€™ in â€˜[01m[Koutput[m[Kâ€™, which is of non-class type â€˜[01m[Kconst int[m[Kâ€™
[4.368s]    26 |       RCLCPP_INFO(this->get_logger(), "Output:change_gear_position=%d,accel_des=%d,steering_angle=%d", output.change_gear_position,output.accel_des,output.[01;31m[Ksteering_angle[m[K);
[4.368s]       |                                                                                                                                                            [01;31m[K^~~~~~~~~~~~~~[m[K
[5.154s] gmake[2]: *** [CMakeFiles/demo03_listener.dir/build.make:76: CMakeFiles/demo03_listener.dir/src/demo03_listener.cpp.o] Error 1
[5.154s] gmake[1]: *** [CMakeFiles/Makefile2:193: CMakeFiles/demo03_listener.dir/all] Error 2
[5.155s] gmake: *** [Makefile:146: all] Error 2
[5.158s] Invoked command in '/home/jiaxin/test2/build/cpp01_topic' returned '2': CMAKE_PREFIX_PATH=/home/jiaxin/test2/install/base_interfaces_demo:/home/jiaxin/test2/install/cpp01_topic:/opt/ros/humble /usr/bin/cmake --build /home/jiaxin/test2/build/cpp01_topic -- -j4 -l4
