[0.155s] Invoking command in '/home/jiaxin/test2/build/cpp01_topic': CMAKE_PREFIX_PATH=/home/jiaxin/test2/install/base_interfaces_demo:/home/jiaxin/test2/install/cpp01_topic:/opt/ros/humble /usr/bin/cmake --build /home/jiaxin/test2/build/cpp01_topic -- -j4 -l4
[0.209s] [35m[1mConsolidate compiler generated dependencies of target demo02_transfer[0m
[0.237s] [ 33%] Built target demo01_talker
[0.238s] [ 66%] Built target demo03_listener
[0.241s] [ 83%] [32mBuilding CXX object CMakeFiles/demo02_transfer.dir/src/demo02_transfer.cpp.o[0m
[5.174s] [01m[K/home/jiaxin/test2/src/cpp01_topic/src/demo02_transfer.cpp:[m[K In member function â€˜[01m[Kvoid Transfer::declare_param()[m[Kâ€™:
[5.175s] [01m[K/home/jiaxin/test2/src/cpp01_topic/src/demo02_transfer.cpp:35:37:[m[K [01;31m[Kerror: [m[Kno matching function for call to â€˜[01m[KTransfer::declare_parameter<float>(const char [10], double, double)[m[Kâ€™
[5.176s]    35 |       [01;31m[Kthis->declare_parameter<float>("accel_des",2.2, 1.1)[m[K;
[5.177s]       |       [01;31m[K~~~~~~~~~~~~~~~~~~~~~~~~~~~~~~^~~~~~~~~~~~~~~~~~~~~~[m[K
[5.178s] In file included from [01m[K/opt/ros/humble/include/rclcpp/rclcpp/node.hpp:1321[m[K,
[5.178s]                  from [01m[K/opt/ros/humble/include/rclcpp/rclcpp/executors/single_threaded_executor.hpp:28[m[K,
[5.179s]                  from [01m[K/opt/ros/humble/include/rclcpp/rclcpp/executors.hpp:22[m[K,
[5.179s]                  from [01m[K/opt/ros/humble/include/rclcpp/rclcpp/rclcpp.hpp:155[m[K,
[5.180s]                  from [01m[K/home/jiaxin/test2/src/cpp01_topic/src/demo02_transfer.cpp:8[m[K:
[5.181s] [01m[K/opt/ros/humble/include/rclcpp/rclcpp/node_impl.hpp:195:1:[m[K [01;36m[Knote: [m[Kcandidate: â€˜[01m[Kauto rclcpp::Node::declare_parameter(const string&, const ParameterT&, const ParameterDescriptor&, bool) [with ParameterT = float; std::string = std::__cxx11::basic_string<char>; rcl_interfaces::msg::ParameterDescriptor = rcl_interfaces::msg::ParameterDescriptor_<std::allocator<void> >][m[Kâ€™
[5.181s]   195 | [01;36m[KNode[m[K::declare_parameter(
[5.182s]       | [01;36m[K^~~~[m[K
[5.183s] [01m[K/opt/ros/humble/include/rclcpp/rclcpp/node_impl.hpp:198:52:[m[K [01;36m[Knote: [m[K  no known conversion for argument 3 from â€˜[01m[Kdouble[m[Kâ€™ to â€˜[01m[Kconst ParameterDescriptor&[m[Kâ€™ {aka â€˜[01m[Kconst rcl_interfaces::msg::ParameterDescriptor_<std::allocator<void> >&[m[Kâ€™}
[5.183s]   198 |   [01;36m[Kconst rcl_interfaces::msg::ParameterDescriptor & parameter_descriptor[m[K,
[5.186s]       |   [01;36m[K~~~~~~~~~~~~~~~~~~~~~~~~~~~~~~~~~~~~~~~~~~~~~~~~~^~~~~~~~~~~~~~~~~~~~[m[K
[5.186s] [01m[K/opt/ros/humble/include/rclcpp/rclcpp/node_impl.hpp:215:1:[m[K [01;36m[Knote: [m[Kcandidate: â€˜[01m[Kauto rclcpp::Node::declare_parameter(const string&, const ParameterDescriptor&, bool) [with ParameterT = float; std::string = std::__cxx11::basic_string<char>; rcl_interfaces::msg::ParameterDescriptor = rcl_interfaces::msg::ParameterDescriptor_<std::allocator<void> >][m[Kâ€™
[5.187s]   215 | [01;36m[KNode[m[K::declare_parameter(
[5.187s]       | [01;36m[K^~~~[m[K
[5.188s] [01m[K/opt/ros/humble/include/rclcpp/rclcpp/node_impl.hpp:217:52:[m[K [01;36m[Knote: [m[K  no known conversion for argument 2 from â€˜[01m[Kdouble[m[Kâ€™ to â€˜[01m[Kconst ParameterDescriptor&[m[Kâ€™ {aka â€˜[01m[Kconst rcl_interfaces::msg::ParameterDescriptor_<std::allocator<void> >&[m[Kâ€™}
[5.188s]   217 |   [01;36m[Kconst rcl_interfaces::msg::ParameterDescriptor & parameter_descriptor[m[K,
[5.189s]       |   [01;36m[K~~~~~~~~~~~~~~~~~~~~~~~~~~~~~~~~~~~~~~~~~~~~~~~~~^~~~~~~~~~~~~~~~~~~~[m[K
[10.659s] gmake[2]: *** [CMakeFiles/demo02_transfer.dir/build.make:76: CMakeFiles/demo02_transfer.dir/src/demo02_transfer.cpp.o] Error 1
[10.659s] gmake[1]: *** [CMakeFiles/Makefile2:167: CMakeFiles/demo02_transfer.dir/all] Error 2
[10.660s] gmake: *** [Makefile:146: all] Error 2
[10.664s] Invoked command in '/home/jiaxin/test2/build/cpp01_topic' returned '2': CMAKE_PREFIX_PATH=/home/jiaxin/test2/install/base_interfaces_demo:/home/jiaxin/test2/install/cpp01_topic:/opt/ros/humble /usr/bin/cmake --build /home/jiaxin/test2/build/cpp01_topic -- -j4 -l4
