[0.202s] Invoking command in '/home/jiaxin/test2/build/cpp01_topic': CMAKE_PREFIX_PATH=/home/jiaxin/test2/install/base_interfaces_demo:/home/jiaxin/test2/install/cpp01_topic:/opt/ros/humble /usr/bin/cmake --build /home/jiaxin/test2/build/cpp01_topic -- -j4 -l4
[0.264s] [35m[1mConsolidate compiler generated dependencies of target demo02_transfer[0m
[0.286s] [ 33%] Built target demo01_talker
[0.291s] [ 66%] Built target demo03_listener
[0.294s] [ 83%] [32mBuilding CXX object CMakeFiles/demo02_transfer.dir/src/demo02_transfer.cpp.o[0m
[5.180s] [01m[K/home/jiaxin/test2/src/cpp01_topic/src/demo02_transfer.cpp:[m[K In constructor â€˜[01m[KTransfer::Transfer()[m[Kâ€™:
[5.180s] [01m[K/home/jiaxin/test2/src/cpp01_topic/src/demo02_transfer.cpp:56:7:[m[K [01;31m[Kerror: [m[Kâ€˜[01m[Ktransfer_node[m[Kâ€™ was not declared in this scope
[5.180s]    56 |       [01;31m[Ktransfer_node[m[K->declare_param();
[5.181s]       |       [01;31m[K^~~~~~~~~~~~~[m[K
[11.009s] gmake[2]: *** [CMakeFiles/demo02_transfer.dir/build.make:76: CMakeFiles/demo02_transfer.dir/src/demo02_transfer.cpp.o] Error 1
[11.009s] gmake[1]: *** [CMakeFiles/Makefile2:167: CMakeFiles/demo02_transfer.dir/all] Error 2
[11.010s] gmake: *** [Makefile:146: all] Error 2
[11.015s] Invoked command in '/home/jiaxin/test2/build/cpp01_topic' returned '2': CMAKE_PREFIX_PATH=/home/jiaxin/test2/install/base_interfaces_demo:/home/jiaxin/test2/install/cpp01_topic:/opt/ros/humble /usr/bin/cmake --build /home/jiaxin/test2/build/cpp01_topic -- -j4 -l4
