[0.176s] Invoking command in '/home/jiaxin/test2/build/cpp01_topic': CMAKE_PREFIX_PATH=/home/jiaxin/test2/install/base_interfaces_demo:/home/jiaxin/test2/install/cpp01_topic:/opt/ros/humble /usr/bin/cmake --build /home/jiaxin/test2/build/cpp01_topic -- -j4 -l4
[0.237s] [35m[1mConsolidate compiler generated dependencies of target demo01_talker[0m
[0.266s] [ 33%] Built target demo02_transfer
[0.270s] [ 66%] Built target demo03_listener
[0.273s] [ 83%] [32mBuilding CXX object CMakeFiles/demo01_talker.dir/src/demo01_talker.cpp.o[0m
[5.437s] [01m[K/home/jiaxin/test2/src/cpp01_topic/src/demo01_talker.cpp:[m[K In constructor â€˜[01m[KTalkerIn::TalkerIn()[m[Kâ€™:
[5.437s] [01m[K/home/jiaxin/test2/src/cpp01_topic/src/demo01_talker.cpp:24:27:[m[K [01;31m[Kerror: [m[Ka function-definition is not allowed here before â€˜[01m[K{[m[Kâ€™ token
[5.437s]    24 |       void declare_param()[01;31m[K{[m[K
[5.438s]       |                           [01;31m[K^[m[K
[5.438s] [01m[K/home/jiaxin/test2/src/cpp01_topic/src/demo01_talker.cpp:[m[K In member function â€˜[01m[Kvoid TalkerIn::on_timer()[m[Kâ€™:
[5.438s] [01m[K/home/jiaxin/test2/src/cpp01_topic/src/demo01_talker.cpp:38:13:[m[K [01;31m[Kerror: [m[Kâ€˜[01m[Kstruct base_interfaces_demo::msg::OutputIPARAAPIFnct_<std::allocator<void> >[m[Kâ€™ has no member named â€˜[01m[Kchange_gear_position[m[Kâ€™
[5.438s]    38 |       input.[01;31m[Kchange_gear_position[m[K = count_++;
[5.438s]       |             [01;31m[K^~~~~~~~~~~~~~~~~~~~[m[K
[5.439s] [01m[K/home/jiaxin/test2/src/cpp01_topic/src/demo01_talker.cpp:39:13:[m[K [01;31m[Kerror: [m[Kâ€˜[01m[Kstruct base_interfaces_demo::msg::OutputIPARAAPIFnct_<std::allocator<void> >[m[Kâ€™ has no member named â€˜[01m[Kaccel_des[m[Kâ€™
[5.440s]    39 |       input.[01;31m[Kaccel_des[m[K = 0.5;
[5.440s]       |             [01;31m[K^~~~~~~~~[m[K
[5.440s] [01m[K/home/jiaxin/test2/src/cpp01_topic/src/demo01_talker.cpp:40:13:[m[K [01;31m[Kerror: [m[Kâ€˜[01m[Kstruct base_interfaces_demo::msg::OutputIPARAAPIFnct_<std::allocator<void> >[m[Kâ€™ has no member named â€˜[01m[Ksteering_angle[m[Kâ€™
[5.441s]    40 |       input.[01;31m[Ksteering_angle[m[K = 0.6;
[5.441s]       |             [01;31m[K^~~~~~~~~~~~~~[m[K
[5.441s] In file included from [01m[K/opt/ros/humble/include/rclcpp/rclcpp/logging.hpp:24[m[K,
[5.442s]                  from [01m[K/opt/ros/humble/include/rclcpp/rclcpp/client.hpp:40[m[K,
[5.442s]                  from [01m[K/opt/ros/humble/include/rclcpp/rclcpp/callback_group.hpp:23[m[K,
[5.442s]                  from [01m[K/opt/ros/humble/include/rclcpp/rclcpp/any_executable.hpp:20[m[K,
[5.443s]                  from [01m[K/opt/ros/humble/include/rclcpp/rclcpp/memory_strategy.hpp:25[m[K,
[5.443s]                  from [01m[K/opt/ros/humble/include/rclcpp/rclcpp/memory_strategies.hpp:18[m[K,
[5.443s]                  from [01m[K/opt/ros/humble/include/rclcpp/rclcpp/executor_options.hpp:20[m[K,
[5.443s]                  from [01m[K/opt/ros/humble/include/rclcpp/rclcpp/executor.hpp:37[m[K,
[5.444s]                  from [01m[K/opt/ros/humble/include/rclcpp/rclcpp/executors/multi_threaded_executor.hpp:25[m[K,
[5.444s]                  from [01m[K/opt/ros/humble/include/rclcpp/rclcpp/executors.hpp:21[m[K,
[5.444s]                  from [01m[K/opt/ros/humble/include/rclcpp/rclcpp/rclcpp.hpp:155[m[K,
[5.445s]                  from [01m[K/home/jiaxin/test2/src/cpp01_topic/src/demo01_talker.cpp:6[m[K:
[5.445s] [01m[K/home/jiaxin/test2/src/cpp01_topic/src/demo01_talker.cpp:41:105:[m[K [01;31m[Kerror: [m[Kâ€˜[01m[Kstruct base_interfaces_demo::msg::OutputIPARAAPIFnct_<std::allocator<void> >[m[Kâ€™ has no member named â€˜[01m[Kchange_gear_position[m[Kâ€™
[5.445s]    41 | CPP_INFO(this->get_logger(), "Iuput:change_gear_position=%d,accel_des=%.2f,height=%.2f", input.[01;31m[Kchange_gear_position[m[K,input.accel_des,input.steering_angle);
[5.446s]       |                                                                                                [01;31m[K^~~~~~~~~~~~~~~~~~~~[m[K
[5.446s] 
[5.446s] [01m[K/home/jiaxin/test2/src/cpp01_topic/src/demo01_talker.cpp:41:132:[m[K [01;31m[Kerror: [m[Kâ€˜[01m[Kstruct base_interfaces_demo::msg::OutputIPARAAPIFnct_<std::allocator<void> >[m[Kâ€™ has no member named â€˜[01m[Kaccel_des[m[Kâ€™
[5.447s]    41 | , "Iuput:change_gear_position=%d,accel_des=%.2f,height=%.2f", input.change_gear_position,input.[01;31m[Kaccel_des[m[K,input.steering_angle);
[5.447s]       |                                                                                                [01;31m[K^~~~~~~~~[m[K
[5.447s] 
[5.448s] [01m[K/home/jiaxin/test2/src/cpp01_topic/src/demo01_talker.cpp:41:148:[m[K [01;31m[Kerror: [m[Kâ€˜[01m[Kstruct base_interfaces_demo::msg::OutputIPARAAPIFnct_<std::allocator<void> >[m[Kâ€™ has no member named â€˜[01m[Ksteering_angle[m[Kâ€™
[5.448s]    41 | gear_position=%d,accel_des=%.2f,height=%.2f", input.change_gear_position,input.accel_des,input.[01;31m[Ksteering_angle[m[K);
[5.449s]       |                                                                                                [01;31m[K^~~~~~~~~~~~~~[m[K
[5.449s] 
[7.006s] gmake[2]: *** [CMakeFiles/demo01_talker.dir/build.make:76: CMakeFiles/demo01_talker.dir/src/demo01_talker.cpp.o] Error 1
[7.009s] gmake[1]: *** [CMakeFiles/Makefile2:141: CMakeFiles/demo01_talker.dir/all] Error 2
[7.011s] gmake: *** [Makefile:146: all] Error 2
[7.012s] Invoked command in '/home/jiaxin/test2/build/cpp01_topic' returned '2': CMAKE_PREFIX_PATH=/home/jiaxin/test2/install/base_interfaces_demo:/home/jiaxin/test2/install/cpp01_topic:/opt/ros/humble /usr/bin/cmake --build /home/jiaxin/test2/build/cpp01_topic -- -j4 -l4
