[0.161s] Invoking command in '/home/jiaxin/test2/build/cpp01_topic': CMAKE_PREFIX_PATH=/home/jiaxin/test2/install/base_interfaces_demo:/home/jiaxin/test2/install/cpp01_topic:/opt/ros/humble /usr/bin/cmake --build /home/jiaxin/test2/build/cpp01_topic -- -j4 -l4
[0.239s] [35m[1mConsolidate compiler generated dependencies of target demo02_transfer[0m
[0.255s] [ 33%] Built target demo03_listener
[0.256s] [ 66%] Built target demo01_talker
[0.267s] [ 83%] [32mBuilding CXX object CMakeFiles/demo02_transfer.dir/src/demo02_transfer.cpp.o[0m
[5.177s] [01m[K/home/jiaxin/test2/src/cpp01_topic/src/demo02_transfer.cpp:[m[K In member function â€˜[01m[Kvoid Transfer::declare_param()[m[Kâ€™:
[5.178s] [01m[K/home/jiaxin/test2/src/cpp01_topic/src/demo02_transfer.cpp:35:48:[m[K [01;31m[Kerror: [m[Kâ€˜[01m[Kdescriptor[m[Kâ€™ was not declared in this scope
[5.178s]    35 |       this->declare_parameter("accel_des",2.2, [01;31m[Kdescriptor[m[K);
[5.178s]       |                                                [01;31m[K^~~~~~~~~~[m[K
[10.452s] gmake[2]: *** [CMakeFiles/demo02_transfer.dir/build.make:76: CMakeFiles/demo02_transfer.dir/src/demo02_transfer.cpp.o] Error 1
[10.455s] gmake[1]: *** [CMakeFiles/Makefile2:167: CMakeFiles/demo02_transfer.dir/all] Error 2
[10.455s] gmake: *** [Makefile:146: all] Error 2
[10.456s] Invoked command in '/home/jiaxin/test2/build/cpp01_topic' returned '2': CMAKE_PREFIX_PATH=/home/jiaxin/test2/install/base_interfaces_demo:/home/jiaxin/test2/install/cpp01_topic:/opt/ros/humble /usr/bin/cmake --build /home/jiaxin/test2/build/cpp01_topic -- -j4 -l4
